2017-05-30 11:10 +08:00: [32m[2017-05-30 11:10:03.852] [INFO] cheese - [39mListen on provided http://127.0.0.1 port:3200
2017-05-30 11:10 +08:00: ------æ•°æ®åº“è¿æ¥æˆåŠŸï¼------
2017-05-30 11:10 +08:00: [32m[2017-05-30 11:10:27.196] [INFO] cheese - [39mListen on provided http://127.0.0.1 port:3200
2017-05-30 11:10 +08:00: ------æ•°æ®åº“è¿æ¥æˆåŠŸï¼------
2017-05-30 11:10 +08:00: [32m[2017-05-30 11:10:47.760] [INFO] cheese - [39mListen on provided http://127.0.0.1 port:3200
2017-05-30 11:10 +08:00: ------æ•°æ®åº“è¿æ¥æˆåŠŸï¼------
2017-05-30 11:11 +08:00: [32m[2017-05-30 11:11:16.968] [INFO] cheese - [39mListen on provided http://127.0.0.1 port:3200
2017-05-30 11:11 +08:00: ------æ•°æ®åº“è¿æ¥æˆåŠŸï¼------
2017-05-30 11:12 +08:00: [36m[2017-05-30 11:12:17.631] [DEBUG] cheese - [39mMONGO lk_users.findOne {"conditions":{"id":"SJr800QSx"},"options":{"fields":{}},"collectionName":"lk_users"} 23ms
2017-05-30 11:12 +08:00: [36m[2017-05-30 11:12:17.643] [DEBUG] cheese - [39mâ–ƒâ–ƒâ–ƒ 127.0.0.1 â–ƒâ–ƒâ–ƒ å·²ç™»å½•ç”¨æˆ·: SJr800QSx
2017-05-30 11:12 +08:00: [36m[2017-05-30 11:12:17.663] [DEBUG] cheese - [39mMONGO lk_apis.findOne {"conditions":{"id":"ByCgtFl1$"},"options":{"fields":{}},"collectionName":"lk_apis"} 12ms
2017-05-30 11:12 +08:00: [32m[2017-05-30 11:12:17.671] [INFO] cheese - [39m{ _id: 590308f53c36a810b8a762b1,
  name: 'æŸ¥è¯¢ä¸€ä¸ªå¸‚çº§çš„ç»„ç»‡æœºæ„IDå’Œå­¦æ®µæŸ¥è¯¢åŒºå¿å’Œå­¦æ ¡(éƒ‘å¼º) #2017-04-10#',
  url: '/api/organization/list_county_and_schools/{orgId}/{phase}',
  url_full: '/api/organization/list_county_and_schools',
  request_type: '2',
  description: 'æŸ¥è¯¢ä¸€ä¸ªå¸‚çº§çš„ç»„ç»‡æœºæ„IDå’Œå­¦æ®µæŸ¥è¯¢åŒºå¿å’Œå­¦æ ¡',
  group_id: 'Bk7e0_Kly$',
  back_data: '"[{\\"countyId\\":\\"integer åŒºå¿ID\\",\\"countyName\\":\\"string åŒºå¿åç§°\\",\\"schools\\":[{\\"code\\":\\"string ç»„ç»‡æœºæ„ç¼–ç \\",\\"id\\":\\"integer ä¸»é”®ID\\",\\"level\\":\\"integer å±‚çº§ é»˜è®¤1ï¼šå¸‚çº§ 2ï¼šåŒºå¿ 3ï¼šæ ¡\\",\\"name\\":\\"string ç»„ç»‡æœºæ„å\\",\\"pid\\":\\"integer çˆ¶æœºæ„ID\\",\\"rentid\\":\\"integer ç§Ÿæˆ·\\",\\"sort\\":\\"integer æ’åº\\"}]}]"',
  back_description: '{"type":"object","properties":{"countyId":{"type":"integer","format":"int32","description":"åŒºå¿ID"},"countyName":{"type":"string","description":"åŒºå¿åç§°"},"schools":{"type":"array","description":"å­¦æ ¡åˆ—è¡¨","items":{"type":"object","properties":{"code":{"type":"string","description":"ç»„ç»‡æœºæ„ç¼–ç "},"id":{"type":"integer","format":"int32","description":"ä¸»é”®ID"},"level":{"type":"integer","format":"int32","description":"å±‚çº§ é»˜è®¤1ï¼šå¸‚çº§ 2ï¼šåŒºå¿ 3ï¼šæ ¡"},"name":{"type":"string","description":"ç»„ç»‡æœºæ„å"},"pid":{"type":"integer","format":"int32","description":"çˆ¶æœºæ„ID"},"rentid":{"type":"integer","format":"int32","description":"ç§Ÿæˆ·"},"sort":{"type":"integer","format":"int32","description":"æ’åº"}}}}}}',
  create_id: 'SJr800QSx',
  create_name: 'swagger',
  project_id: 'BJlGbrMstg',
  version_id: 'H1WGZBGotg',
  swagger_id: 'OrganizationApi-listCountyAndSchoolsByOrgAndPhase',
  swagger_time: '2017-04-10',
  __v: 0,
  type: 0,
  updates: 
   [ { update_type: 'auto create',
       update_name: 'swagger',
       update_time: 2017-04-28T09:18:45.530Z,
       update_info: 'form zxw import !' } ],
  update_time: 2017-04-28T09:18:45.530Z,
  create_time: 2017-04-28T09:18:45.530Z,
  old_apis: [],
  parameters: 
   [ { name: 'orgId',
       type: 1,
       in_type: 'path',
       ismust: 1,
       info: 'å¸‚çº§ç»„ç»‡æœºæ„ID',
       default: '',
       default_object: '' },
     { name: 'phase',
       type: 1,
       in_type: 'path',
       ismust: 1,
       info: 'å­¦æ®µ',
       default: '',
       default_object: '' } ],
  id: 'ByCgtFl1$' }
2017-05-30 11:12 +08:00: [32m[2017-05-30 11:12:17.678] [INFO] cheese - [39m********* æ ¹æ®å¾—åˆ°çš„apiæ•°æ®æŸ¥æ‰¾swagger_idå­—æ®µ *********
2017-05-30 11:12 +08:00: [36m[2017-05-30 11:12:17.716] [DEBUG] cheese - [39mMONGO lk_project_groups.find {"conditions":{"level":"1","version_id":"H1WGZBGotg"},"options":{"sort":{"sort":-1,"create_time":1},"limit":200,"fields":{}},"collectionName":"lk_project_groups"} 35ms
2017-05-30 11:12 +08:00: [36m[2017-05-30 11:12:17.861] [DEBUG] cheese - [39mMONGO lk_apis.find {"conditions":{"swagger_id":"OrganizationApi-listCountyAndSchoolsByOrgAndPhase","version_id":"H1WGZBGotg"},"options":{"sort":{"update_time":-1},"limit":500,"fields":{}},"collectionName":"lk_apis"} 178ms
2017-05-30 11:12 +08:00: [32m[2017-05-30 11:12:17.866] [INFO] cheese - [39m********* back *********
2017-05-30 11:12 +08:00: [32m[2017-05-30 11:12:17.866] [INFO] cheese - [39m[ { _id: 590308f53c36a810b8a762b1,
    name: 'æŸ¥è¯¢ä¸€ä¸ªå¸‚çº§çš„ç»„ç»‡æœºæ„IDå’Œå­¦æ®µæŸ¥è¯¢åŒºå¿å’Œå­¦æ ¡(éƒ‘å¼º) #2017-04-10#',
    url: '/api/organization/list_county_and_schools/{orgId}/{phase}',
    url_full: '/api/organization/list_county_and_schools',
    request_type: '2',
    description: 'æŸ¥è¯¢ä¸€ä¸ªå¸‚çº§çš„ç»„ç»‡æœºæ„IDå’Œå­¦æ®µæŸ¥è¯¢åŒºå¿å’Œå­¦æ ¡',
    group_id: 'Bk7e0_Kly$',
    back_data: '"[{\\"countyId\\":\\"integer åŒºå¿ID\\",\\"countyName\\":\\"string åŒºå¿åç§°\\",\\"schools\\":[{\\"code\\":\\"string ç»„ç»‡æœºæ„ç¼–ç \\",\\"id\\":\\"integer ä¸»é”®ID\\",\\"level\\":\\"integer å±‚çº§ é»˜è®¤1ï¼šå¸‚çº§ 2ï¼šåŒºå¿ 3ï¼šæ ¡\\",\\"name\\":\\"string ç»„ç»‡æœºæ„å\\",\\"pid\\":\\"integer çˆ¶æœºæ„ID\\",\\"rentid\\":\\"integer ç§Ÿæˆ·\\",\\"sort\\":\\"integer æ’åº\\"}]}]"',
    back_description: '{"type":"object","properties":{"countyId":{"type":"integer","format":"int32","description":"åŒºå¿ID"},"countyName":{"type":"string","description":"åŒºå¿åç§°"},"schools":{"type":"array","description":"å­¦æ ¡åˆ—è¡¨","items":{"type":"object","properties":{"code":{"type":"string","description":"ç»„ç»‡æœºæ„ç¼–ç "},"id":{"type":"integer","format":"int32","description":"ä¸»é”®ID"},"level":{"type":"integer","format":"int32","description":"å±‚çº§ é»˜è®¤1ï¼šå¸‚çº§ 2ï¼šåŒºå¿ 3ï¼šæ ¡"},"name":{"type":"string","description":"ç»„ç»‡æœºæ„å"},"pid":{"type":"integer","format":"int32","description":"çˆ¶æœºæ„ID"},"rentid":{"type":"integer","format":"int32","description":"ç§Ÿæˆ·"},"sort":{"type":"integer","format":"int32","description":"æ’åº"}}}}}}',
    create_id: 'SJr800QSx',
    create_name: 'swagger',
    project_id: 'BJlGbrMstg',
    version_id: 'H1WGZBGotg',
    swagger_id: 'OrganizationApi-listCountyAndSchoolsByOrgAndPhase',
    swagger_time: '2017-04-10',
    __v: 0,
    type: 0,
    updates: [ [Object] ],
    update_time: 2017-04-28T09:18:45.530Z,
    create_time: 2017-04-28T09:18:45.530Z,
    old_apis: [],
    parameters: [ [Object], [Object] ],
    id: 'ByCgtFl1$' } ]
2017-05-30 11:12 +08:00: [32m[2017-05-30 11:12:17.873] [INFO] cheese - [39m[ { id: 'ByCgtFl1$',
    data: [{"update_info":"form zxw import !","update_time":"2017-04-28T09:18:45.530Z","update_name":"swagger","update_type":"auto create"}] } ]
2017-05-30 11:12 +08:00: [36m[2017-05-30 11:12:17.923] [DEBUG] cheese - [39mMONGO lk_project_groups.find {"conditions":{"level":"2","version_id":"H1WGZBGotg"},"options":{"sort":{"sort":-1,"create_time":1},"limit":200,"fields":{}},"collectionName":"lk_project_groups"} 242ms
2017-05-30 11:12 +08:00: [36m[2017-05-30 11:12:18.223] [DEBUG] cheese - [39mMONGO lk_users.findOne {"conditions":{"id":"SJr800QSx"},"options":{"fields":{}},"collectionName":"lk_users"} 7ms
2017-05-30 11:12 +08:00: [36m[2017-05-30 11:12:18.226] [DEBUG] cheese - [39mâ–ƒâ–ƒâ–ƒ 127.0.0.1 â–ƒâ–ƒâ–ƒ å·²ç™»å½•ç”¨æˆ·: SJr800QSx
2017-05-30 11:12 +08:00: [36m[2017-05-30 11:12:46.582] [DEBUG] cheese - [39mMONGO lk_users.findOne {"conditions":{"id":"SJr800QSx"},"options":{"fields":{}},"collectionName":"lk_users"} 0ms
2017-05-30 11:12 +08:00: [36m[2017-05-30 11:12:46.582] [DEBUG] cheese - [39mâ–ƒâ–ƒâ–ƒ 127.0.0.1 â–ƒâ–ƒâ–ƒ å·²ç™»å½•ç”¨æˆ·: SJr800QSx
2017-05-30 11:12 +08:00: [36m[2017-05-30 11:12:46.618] [DEBUG] cheese - [39mMONGO lk_apis.findOne {"conditions":{"id":"ByCgtFl1$"},"options":{"fields":{}},"collectionName":"lk_apis"} 36ms
2017-05-30 11:12 +08:00: [32m[2017-05-30 11:12:46.620] [INFO] cheese - [39m{ _id: 590308f53c36a810b8a762b1,
  name: 'æŸ¥è¯¢ä¸€ä¸ªå¸‚çº§çš„ç»„ç»‡æœºæ„IDå’Œå­¦æ®µæŸ¥è¯¢åŒºå¿å’Œå­¦æ ¡(éƒ‘å¼º) #2017-04-10#',
  url: '/api/organization/list_county_and_schools/{orgId}/{phase}',
  url_full: '/api/organization/list_county_and_schools',
  request_type: '2',
  description: 'æŸ¥è¯¢ä¸€ä¸ªå¸‚çº§çš„ç»„ç»‡æœºæ„IDå’Œå­¦æ®µæŸ¥è¯¢åŒºå¿å’Œå­¦æ ¡',
  group_id: 'Bk7e0_Kly$',
  back_data: '"[{\\"countyId\\":\\"integer åŒºå¿ID\\",\\"countyName\\":\\"string åŒºå¿åç§°\\",\\"schools\\":[{\\"code\\":\\"string ç»„ç»‡æœºæ„ç¼–ç \\",\\"id\\":\\"integer ä¸»é”®ID\\",\\"level\\":\\"integer å±‚çº§ é»˜è®¤1ï¼šå¸‚çº§ 2ï¼šåŒºå¿ 3ï¼šæ ¡\\",\\"name\\":\\"string ç»„ç»‡æœºæ„å\\",\\"pid\\":\\"integer çˆ¶æœºæ„ID\\",\\"rentid\\":\\"integer ç§Ÿæˆ·\\",\\"sort\\":\\"integer æ’åº\\"}]}]"',
  back_description: '{"type":"object","properties":{"countyId":{"type":"integer","format":"int32","description":"åŒºå¿ID"},"countyName":{"type":"string","description":"åŒºå¿åç§°"},"schools":{"type":"array","description":"å­¦æ ¡åˆ—è¡¨","items":{"type":"object","properties":{"code":{"type":"string","description":"ç»„ç»‡æœºæ„ç¼–ç "},"id":{"type":"integer","format":"int32","description":"ä¸»é”®ID"},"level":{"type":"integer","format":"int32","description":"å±‚çº§ é»˜è®¤1ï¼šå¸‚çº§ 2ï¼šåŒºå¿ 3ï¼šæ ¡"},"name":{"type":"string","description":"ç»„ç»‡æœºæ„å"},"pid":{"type":"integer","format":"int32","description":"çˆ¶æœºæ„ID"},"rentid":{"type":"integer","format":"int32","description":"ç§Ÿæˆ·"},"sort":{"type":"integer","format":"int32","description":"æ’åº"}}}}}}',
  create_id: 'SJr800QSx',
  create_name: 'swagger',
  project_id: 'BJlGbrMstg',
  version_id: 'H1WGZBGotg',
  swagger_id: 'OrganizationApi-listCountyAndSchoolsByOrgAndPhase',
  swagger_time: '2017-04-10',
  __v: 0,
  type: 0,
  updates: 
   [ { update_type: 'auto create',
       update_name: 'swagger',
       update_time: 2017-04-28T09:18:45.530Z,
       update_info: 'form zxw import !' } ],
  update_time: 2017-04-28T09:18:45.530Z,
  create_time: 2017-04-28T09:18:45.530Z,
  old_apis: [],
  parameters: 
   [ { name: 'orgId',
       type: 1,
       in_type: 'path',
       ismust: 1,
       info: 'å¸‚çº§ç»„ç»‡æœºæ„ID',
       default: '',
       default_object: '' },
     { name: 'phase',
       type: 1,
       in_type: 'path',
       ismust: 1,
       info: 'å­¦æ®µ',
       default: '',
       default_object: '' } ],
  id: 'ByCgtFl1$' }
2017-05-30 11:12 +08:00: [32m[2017-05-30 11:12:46.625] [INFO] cheese - [39m********* æ ¹æ®å¾—åˆ°çš„apiæ•°æ®æŸ¥æ‰¾swagger_idå­—æ®µ *********
2017-05-30 11:12 +08:00: [36m[2017-05-30 11:12:46.643] [DEBUG] cheese - [39mMONGO lk_project_groups.find {"conditions":{"level":"1","version_id":"H1WGZBGotg"},"options":{"sort":{"sort":-1,"create_time":1},"limit":200,"fields":{}},"collectionName":"lk_project_groups"} 18ms
2017-05-30 11:12 +08:00: [36m[2017-05-30 11:12:46.693] [DEBUG] cheese - [39mMONGO lk_project_groups.find {"conditions":{"level":"2","version_id":"H1WGZBGotg"},"options":{"sort":{"sort":-1,"create_time":1},"limit":200,"fields":{}},"collectionName":"lk_project_groups"} 65ms
2017-05-30 11:12 +08:00: [36m[2017-05-30 11:12:46.920] [DEBUG] cheese - [39mMONGO lk_apis.find {"conditions":{"swagger_id":"OrganizationApi-listCountyAndSchoolsByOrgAndPhase","version_id":"H1WGZBGotg"},"options":{"sort":{"update_time":-1},"limit":500,"fields":{}},"collectionName":"lk_apis"} 292ms
2017-05-30 11:12 +08:00: [32m[2017-05-30 11:12:46.925] [INFO] cheese - [39m********* back *********
2017-05-30 11:12 +08:00: [32m[2017-05-30 11:12:46.925] [INFO] cheese - [39m[ { _id: 590308f53c36a810b8a762b1,
    name: 'æŸ¥è¯¢ä¸€ä¸ªå¸‚çº§çš„ç»„ç»‡æœºæ„IDå’Œå­¦æ®µæŸ¥è¯¢åŒºå¿å’Œå­¦æ ¡(éƒ‘å¼º) #2017-04-10#',
    url: '/api/organization/list_county_and_schools/{orgId}/{phase}',
    url_full: '/api/organization/list_county_and_schools',
    request_type: '2',
    description: 'æŸ¥è¯¢ä¸€ä¸ªå¸‚çº§çš„ç»„ç»‡æœºæ„IDå’Œå­¦æ®µæŸ¥è¯¢åŒºå¿å’Œå­¦æ ¡',
    group_id: 'Bk7e0_Kly$',
    back_data: '"[{\\"countyId\\":\\"integer åŒºå¿ID\\",\\"countyName\\":\\"string åŒºå¿åç§°\\",\\"schools\\":[{\\"code\\":\\"string ç»„ç»‡æœºæ„ç¼–ç \\",\\"id\\":\\"integer ä¸»é”®ID\\",\\"level\\":\\"integer å±‚çº§ é»˜è®¤1ï¼šå¸‚çº§ 2ï¼šåŒºå¿ 3ï¼šæ ¡\\",\\"name\\":\\"string ç»„ç»‡æœºæ„å\\",\\"pid\\":\\"integer çˆ¶æœºæ„ID\\",\\"rentid\\":\\"integer ç§Ÿæˆ·\\",\\"sort\\":\\"integer æ’åº\\"}]}]"',
    back_description: '{"type":"object","properties":{"countyId":{"type":"integer","format":"int32","description":"åŒºå¿ID"},"countyName":{"type":"string","description":"åŒºå¿åç§°"},"schools":{"type":"array","description":"å­¦æ ¡åˆ—è¡¨","items":{"type":"object","properties":{"code":{"type":"string","description":"ç»„ç»‡æœºæ„ç¼–ç "},"id":{"type":"integer","format":"int32","description":"ä¸»é”®ID"},"level":{"type":"integer","format":"int32","description":"å±‚çº§ é»˜è®¤1ï¼šå¸‚çº§ 2ï¼šåŒºå¿ 3ï¼šæ ¡"},"name":{"type":"string","description":"ç»„ç»‡æœºæ„å"},"pid":{"type":"integer","format":"int32","description":"çˆ¶æœºæ„ID"},"rentid":{"type":"integer","format":"int32","description":"ç§Ÿæˆ·"},"sort":{"type":"integer","format":"int32","description":"æ’åº"}}}}}}',
    create_id: 'SJr800QSx',
    create_name: 'swagger',
    project_id: 'BJlGbrMstg',
    version_id: 'H1WGZBGotg',
    swagger_id: 'OrganizationApi-listCountyAndSchoolsByOrgAndPhase',
    swagger_time: '2017-04-10',
    __v: 0,
    type: 0,
    updates: [ [Object] ],
    update_time: 2017-04-28T09:18:45.530Z,
    create_time: 2017-04-28T09:18:45.530Z,
    old_apis: [],
    parameters: [ [Object], [Object] ],
    id: 'ByCgtFl1$' } ]
2017-05-30 11:12 +08:00: [32m[2017-05-30 11:12:46.935] [INFO] cheese - [39m[ { id: 'ByCgtFl1$',
    data: [{"update_info":"form zxw import !","update_time":"2017-04-28T09:18:45.530Z","update_name":"swagger","update_type":"auto create"}] } ]
2017-05-30 11:12 +08:00: [36m[2017-05-30 11:12:47.130] [DEBUG] cheese - [39mMONGO lk_users.findOne {"conditions":{"id":"SJr800QSx"},"options":{"fields":{}},"collectionName":"lk_users"} 7ms
2017-05-30 11:12 +08:00: [36m[2017-05-30 11:12:47.130] [DEBUG] cheese - [39mâ–ƒâ–ƒâ–ƒ 127.0.0.1 â–ƒâ–ƒâ–ƒ å·²ç™»å½•ç”¨æˆ·: SJr800QSx
2017-05-31 09:15 +08:00: [32m[2017-05-31 09:15:03.186] [INFO] cheese - [39mRedis error - Error: Redis connection to 211.149.151.88:6379 failed - read ECONNRESET
2017-05-31 09:15 +08:00: [32m[2017-05-31 09:15:03.810] [INFO] cheese - [39mRedis error - Error: Redis connection to 211.149.151.88:6379 failed - connect EHOSTUNREACH 211.149.151.88:6379
2017-05-31 09:15 +08:00: [32m[2017-05-31 09:15:03.810] [INFO] cheese - [39mRedis error - AbortError: Redis connection lost and command aborted. It might have been processed.
2017-05-31 09:15 +08:00: [32m[2017-05-31 09:15:04.873] [INFO] cheese - [39mRedis error - Error: Redis connection to 211.149.151.88:6379 failed - connect EHOSTUNREACH 211.149.151.88:6379
2017-05-31 09:15 +08:00: [32m[2017-05-31 09:15:04.873] [INFO] cheese - [39mRedis error - AbortError: Redis connection lost and command aborted. It might have been processed.
2017-05-31 09:15 +08:00: [32m[2017-05-31 09:15:05.481] [INFO] cheese - [39mRedis error - Error: Redis connection to 211.149.151.88:6379 failed - connect ENETUNREACH 211.149.151.88:6379
2017-05-31 09:15 +08:00: [32m[2017-05-31 09:15:05.481] [INFO] cheese - [39mRedis error - AbortError: Redis connection lost and command aborted. It might have been processed.
2017-05-31 09:15 +08:00: [32m[2017-05-31 09:15:06.464] [INFO] cheese - [39mRedis error - Error: Redis connection to 211.149.151.88:6379 failed - connect ENETUNREACH 211.149.151.88:6379
2017-05-31 09:15 +08:00: [32m[2017-05-31 09:15:06.464] [INFO] cheese - [39mRedis error - AbortError: Redis connection lost and command aborted. It might have been processed.
2017-05-31 09:15 +08:00: [32m[2017-05-31 09:15:08.152] [INFO] cheese - [39mRedis error - Error: Redis connection to 211.149.151.88:6379 failed - connect ENETUNREACH 211.149.151.88:6379
2017-05-31 09:15 +08:00: [32m[2017-05-31 09:15:08.153] [INFO] cheese - [39mRedis error - AbortError: Redis connection lost and command aborted. It might have been processed.
2017-05-31 09:15 +08:00: ------æ•°æ®åº“è¿æ¥æˆåŠŸï¼------
2017-05-31 09:16 +08:00: [36m[2017-05-31 09:16:00.013] [DEBUG] cheese - [39mMONGO lk_users.findOne {"conditions":{"id":"SJr800QSx"},"options":{"fields":{}},"collectionName":"lk_users"} 15ms
2017-05-31 09:16 +08:00: [36m[2017-05-31 09:16:00.013] [DEBUG] cheese - [39mâ–ƒâ–ƒâ–ƒ 127.0.0.1 â–ƒâ–ƒâ–ƒ å·²ç™»å½•ç”¨æˆ·: SJr800QSx
2017-05-31 09:16 +08:00: [36m[2017-05-31 09:16:00.013] [DEBUG] cheese - [39mMONGO lk_apis.findOne {"conditions":{"id":"ByCgtFl1$"},"options":{"fields":{}},"collectionName":"lk_apis"} 0ms
2017-05-31 09:16 +08:00: [32m[2017-05-31 09:16:00.029] [INFO] cheese - [39m{ _id: 590308f53c36a810b8a762b1,
  name: 'æŸ¥è¯¢ä¸€ä¸ªå¸‚çº§çš„ç»„ç»‡æœºæ„IDå’Œå­¦æ®µæŸ¥è¯¢åŒºå¿å’Œå­¦æ ¡(éƒ‘å¼º) #2017-04-10#',
  url: '/api/organization/list_county_and_schools/{orgId}/{phase}',
  url_full: '/api/organization/list_county_and_schools',
  request_type: '2',
  description: 'æŸ¥è¯¢ä¸€ä¸ªå¸‚çº§çš„ç»„ç»‡æœºæ„IDå’Œå­¦æ®µæŸ¥è¯¢åŒºå¿å’Œå­¦æ ¡',
  group_id: 'Bk7e0_Kly$',
  back_data: '"[{\\"countyId\\":\\"integer åŒºå¿ID\\",\\"countyName\\":\\"string åŒºå¿åç§°\\",\\"schools\\":[{\\"code\\":\\"string ç»„ç»‡æœºæ„ç¼–ç \\",\\"id\\":\\"integer ä¸»é”®ID\\",\\"level\\":\\"integer å±‚çº§ é»˜è®¤1ï¼šå¸‚çº§ 2ï¼šåŒºå¿ 3ï¼šæ ¡\\",\\"name\\":\\"string ç»„ç»‡æœºæ„å\\",\\"pid\\":\\"integer çˆ¶æœºæ„ID\\",\\"rentid\\":\\"integer ç§Ÿæˆ·\\",\\"sort\\":\\"integer æ’åº\\"}]}]"',
  back_description: '{"type":"object","properties":{"countyId":{"type":"integer","format":"int32","description":"åŒºå¿ID"},"countyName":{"type":"string","description":"åŒºå¿åç§°"},"schools":{"type":"array","description":"å­¦æ ¡åˆ—è¡¨","items":{"type":"object","properties":{"code":{"type":"string","description":"ç»„ç»‡æœºæ„ç¼–ç "},"id":{"type":"integer","format":"int32","description":"ä¸»é”®ID"},"level":{"type":"integer","format":"int32","description":"å±‚çº§ é»˜è®¤1ï¼šå¸‚çº§ 2ï¼šåŒºå¿ 3ï¼šæ ¡"},"name":{"type":"string","description":"ç»„ç»‡æœºæ„å"},"pid":{"type":"integer","format":"int32","description":"çˆ¶æœºæ„ID"},"rentid":{"type":"integer","format":"int32","description":"ç§Ÿæˆ·"},"sort":{"type":"integer","format":"int32","description":"æ’åº"}}}}}}',
  create_id: 'SJr800QSx',
  create_name: 'swagger',
  project_id: 'BJlGbrMstg',
  version_id: 'H1WGZBGotg',
  swagger_id: 'OrganizationApi-listCountyAndSchoolsByOrgAndPhase',
  swagger_time: '2017-04-10',
  __v: 0,
  type: 0,
  updates: 
   [ { update_type: 'auto create',
       update_name: 'swagger',
       update_time: 2017-04-28T09:18:45.530Z,
       update_info: 'form zxw import !' } ],
  update_time: 2017-04-28T09:18:45.530Z,
  create_time: 2017-04-28T09:18:45.530Z,
  old_apis: [],
  parameters: 
   [ { name: 'orgId',
       type: 1,
       in_type: 'path',
       ismust: 1,
       info: 'å¸‚çº§ç»„ç»‡æœºæ„ID',
       default: '',
       default_object: '' },
     { name: 'phase',
       type: 1,
       in_type: 'path',
       ismust: 1,
       info: 'å­¦æ®µ',
       default: '',
       default_object: '' } ],
  id: 'ByCgtFl1$' }
2017-05-31 09:16 +08:00: [32m[2017-05-31 09:16:00.036] [INFO] cheese - [39m********* æ ¹æ®å¾—åˆ°çš„apiæ•°æ®æŸ¥æ‰¾swagger_idå­—æ®µ *********
2017-05-31 09:16 +08:00: [36m[2017-05-31 09:16:00.051] [DEBUG] cheese - [39mMONGO lk_project_groups.find {"conditions":{"level":"1","version_id":"H1WGZBGotg"},"options":{"sort":{"sort":-1,"create_time":1},"limit":200,"fields":{}},"collectionName":"lk_project_groups"} 12ms
2017-05-31 09:16 +08:00: [36m[2017-05-31 09:16:00.206] [DEBUG] cheese - [39mMONGO lk_apis.find {"conditions":{"swagger_id":"OrganizationApi-listCountyAndSchoolsByOrgAndPhase","version_id":"H1WGZBGotg"},"options":{"sort":{"update_time":-1},"limit":500,"fields":{}},"collectionName":"lk_apis"} 163ms
2017-05-31 09:16 +08:00: [32m[2017-05-31 09:16:00.206] [INFO] cheese - [39m********* back *********
2017-05-31 09:16 +08:00: [32m[2017-05-31 09:16:00.206] [INFO] cheese - [39m[ { _id: 590308f53c36a810b8a762b1,
    name: 'æŸ¥è¯¢ä¸€ä¸ªå¸‚çº§çš„ç»„ç»‡æœºæ„IDå’Œå­¦æ®µæŸ¥è¯¢åŒºå¿å’Œå­¦æ ¡(éƒ‘å¼º) #2017-04-10#',
    url: '/api/organization/list_county_and_schools/{orgId}/{phase}',
    url_full: '/api/organization/list_county_and_schools',
    request_type: '2',
    description: 'æŸ¥è¯¢ä¸€ä¸ªå¸‚çº§çš„ç»„ç»‡æœºæ„IDå’Œå­¦æ®µæŸ¥è¯¢åŒºå¿å’Œå­¦æ ¡',
    group_id: 'Bk7e0_Kly$',
    back_data: '"[{\\"countyId\\":\\"integer åŒºå¿ID\\",\\"countyName\\":\\"string åŒºå¿åç§°\\",\\"schools\\":[{\\"code\\":\\"string ç»„ç»‡æœºæ„ç¼–ç \\",\\"id\\":\\"integer ä¸»é”®ID\\",\\"level\\":\\"integer å±‚çº§ é»˜è®¤1ï¼šå¸‚çº§ 2ï¼šåŒºå¿ 3ï¼šæ ¡\\",\\"name\\":\\"string ç»„ç»‡æœºæ„å\\",\\"pid\\":\\"integer çˆ¶æœºæ„ID\\",\\"rentid\\":\\"integer ç§Ÿæˆ·\\",\\"sort\\":\\"integer æ’åº\\"}]}]"',
    back_description: '{"type":"object","properties":{"countyId":{"type":"integer","format":"int32","description":"åŒºå¿ID"},"countyName":{"type":"string","description":"åŒºå¿åç§°"},"schools":{"type":"array","description":"å­¦æ ¡åˆ—è¡¨","items":{"type":"object","properties":{"code":{"type":"string","description":"ç»„ç»‡æœºæ„ç¼–ç "},"id":{"type":"integer","format":"int32","description":"ä¸»é”®ID"},"level":{"type":"integer","format":"int32","description":"å±‚çº§ é»˜è®¤1ï¼šå¸‚çº§ 2ï¼šåŒºå¿ 3ï¼šæ ¡"},"name":{"type":"string","description":"ç»„ç»‡æœºæ„å"},"pid":{"type":"integer","format":"int32","description":"çˆ¶æœºæ„ID"},"rentid":{"type":"integer","format":"int32","description":"ç§Ÿæˆ·"},"sort":{"type":"integer","format":"int32","description":"æ’åº"}}}}}}',
    create_id: 'SJr800QSx',
    create_name: 'swagger',
    project_id: 'BJlGbrMstg',
    version_id: 'H1WGZBGotg',
    swagger_id: 'OrganizationApi-listCountyAndSchoolsByOrgAndPhase',
    swagger_time: '2017-04-10',
    __v: 0,
    type: 0,
    updates: [ [Object] ],
    update_time: 2017-04-28T09:18:45.530Z,
    create_time: 2017-04-28T09:18:45.530Z,
    old_apis: [],
    parameters: [ [Object], [Object] ],
    id: 'ByCgtFl1$' } ]
2017-05-31 09:16 +08:00: [32m[2017-05-31 09:16:00.211] [INFO] cheese - [39m[ { id: 'ByCgtFl1$',
    data: [{"update_info":"form zxw import !","update_time":"2017-04-28T09:18:45.530Z","update_name":"swagger","update_type":"auto create"}] } ]
2017-05-31 09:16 +08:00: [36m[2017-05-31 09:16:00.224] [DEBUG] cheese - [39mMONGO lk_project_groups.find {"conditions":{"level":"2","version_id":"H1WGZBGotg"},"options":{"sort":{"sort":-1,"create_time":1},"limit":200,"fields":{}},"collectionName":"lk_project_groups"} 183ms
2017-05-31 09:16 +08:00: [36m[2017-05-31 09:16:00.409] [DEBUG] cheese - [39mMONGO lk_users.findOne {"conditions":{"id":"SJr800QSx"},"options":{"fields":{}},"collectionName":"lk_users"} 5ms
2017-05-31 09:16 +08:00: [36m[2017-05-31 09:16:00.411] [DEBUG] cheese - [39mâ–ƒâ–ƒâ–ƒ 127.0.0.1 â–ƒâ–ƒâ–ƒ å·²ç™»å½•ç”¨æˆ·: SJr800QSx
